[33mConfiguration file: none[0m
            Source: /Users/shiinaahmad/github/ashiina.github.io/_posts
       Destination: /Users/shiinaahmad/github/ashiina.github.io/_posts/_site
      Generating... 
[33m     Build Warning: Layout 'post' requested in 2015-01-06-first-post.md does not exist.[0m
[33m     Build Warning: Layout 'post' requested in 2015-01-07-aws-vpc-or-sg.md does not exist.[0m
[33m     Build Warning: Layout 'post' requested in 2015-01-07-ci-unit-test.md does not exist.[0m
                    done.
 Auto-regeneration: enabled for '/Users/shiinaahmad/github/ashiina.github.io/_posts'
[33mConfiguration file: none[0m
    Server address: http://0.0.0.0:4000/
  Server running... press ctrl-c to stop.
      Regenerating: 1 files at 2015-01-07 23:57:09 [33m     Build Warning: Layout 'post' requested in 2015-01-06-first-post.md does not exist.[0m
[33m     Build Warning: Layout 'post' requested in 2015-01-07-aws-vpc-or-sg.md does not exist.[0m
[33m     Build Warning: Layout 'post' requested in 2015-01-07-ci-unit-test.md does not exist.[0m
...done.
      Regenerating: 1 files at 2015-01-07 23:57:29 [33m     Build Warning: Layout 'post' requested in 2015-01-06-first-post.md does not exist.[0m
[33m     Build Warning: Layout 'post' requested in 2015-01-07-aws-vpc-or-sg.md does not exist.[0m
[33m     Build Warning: Layout 'post' requested in 2015-01-07-ci-unit-test.md does not exist.[0m
...done.
